<?xml version="1.0" encoding="UTF-8"?>
<!-- Generated by org.testng.reporters.JUnitReportReporter -->
<testsuite hostname="SVEERANA-LAP1" failures="0" tests="1" name="resass.Sample2" time="6.121" errors="0" timestamp="2022-05-06T21:29:30 IST" skipped="0">
  <testcase classname="resass.Sample2" name="UserRegistrationSuccessful" time="6.121"/>
  <system-out/>
</testsuite> <!-- resass.Sample2 -->
