<?xml version="1.0" encoding="UTF-8"?>
<!-- Generated by org.testng.reporters.JUnitReportReporter -->
<testsuite hostname="SVEERANA-LAP1" failures="0" tests="5" name="resass.Sample3" time="22.068" errors="0" timestamp="2022-05-07T08:33:17 IST" skipped="0">
  <testcase classname="resass.Sample3" name="postValidWithMap" time="0.027"/>
  <system-out/>
  <testcase classname="resass.Sample3" name="postValidWithJson" time="9.610"/>
  <system-out/>
  <testcase classname="resass.Sample3" name="putValidWithJson" time="4.400"/>
  <system-out/>
  <testcase classname="resass.Sample3" name="patchValidWithJson" time="3.995"/>
  <system-out/>
  <testcase classname="resass.Sample3" name="deleteValidWithJson" time="4.036"/>
  <system-out/>
</testsuite> <!-- resass.Sample3 -->
