<?xml version="1.0" encoding="UTF-8"?>
<!-- Generated by org.testng.reporters.JUnitReportReporter -->
<testsuite hostname="SVEERANA-LAP1" failures="0" tests="3" name="resass.Sample1" time="18.216" errors="0" timestamp="2022-05-07T07:32:17 IST" skipped="0">
  <testcase classname="resass.Sample1" name="showAllRequestsBasedOnStatusCode" time="6.606"/>
  <system-out/>
  <testcase classname="resass.Sample1" name="validateDataIDBasedOnNumber" time="7.712"/>
  <system-out/>
  <testcase classname="resass.Sample1" name="validateFirstNameBasedOnName" time="3.898"/>
  <system-out/>
</testsuite> <!-- resass.Sample1 -->
