<?xml version="1.0" encoding="UTF-8"?>
<!-- Generated by org.testng.reporters.JUnitReportReporter -->
<testsuite hostname="SVEERANA-LAP1" failures="0" tests="2" name="resass.Signup" time="11.891" errors="0" timestamp="2022-05-07T13:50:00 IST" skipped="0">
  <testcase classname="resass.Signup" name="signupRequest" time="7.328"/>
  <system-out/>
  <testcase classname="resass.Signup" name="loginRequest" time="4.563"/>
  <system-out/>
</testsuite> <!-- resass.Signup -->
